<?xml version="1.0" encoding="UTF-8"?>
<!-- Generated by org.testng.reporters.JUnitReportReporter -->
<testsuite name="ContentStack.PageTest.FeaturePageTest" tests="1" time="16.108" ignored="0" failures="0" timestamp="08 Jun 2018 05:10:29 GMT" skipped="0" hostname="SILICUS339" errors="0">
  <testcase name="VerifyFeaturesLinksTest" time="16.108" classname="ContentStack.PageTest.FeaturePageTest"/>
</testsuite> <!-- ContentStack.PageTest.FeaturePageTest -->
