<?xml version="1.0" encoding="UTF-8"?>
<!-- Generated by org.testng.reporters.JUnitReportReporter -->
<testsuite name="ContentStack.PageTest.PartnersPageTest" tests="3" time="33.335" ignored="0" failures="0" timestamp="08 Jun 2018 05:10:29 GMT" skipped="0" hostname="SILICUS339" errors="0">
  <testcase name="VerifyContentUnderSolutionPartnerSectionTest" time="12.769" classname="ContentStack.PageTest.PartnersPageTest"/>
  <testcase name="VerifyContentUnderTechnologyPartnerSectionTest" time="9.786" classname="ContentStack.PageTest.PartnersPageTest"/>
  <testcase name="VerifyPartnersSectionsTest" time="10.780" classname="ContentStack.PageTest.PartnersPageTest"/>
</testsuite> <!-- ContentStack.PageTest.PartnersPageTest -->
