<?xml version="1.0" encoding="UTF-8"?>
<!-- Generated by org.testng.reporters.JUnitReportReporter -->
<testsuite name="ContentStack.PageTest.HomepageTest" tests="3" time="104.512" ignored="0" failures="0" timestamp="08 Jun 2018 05:10:29 GMT" skipped="0" hostname="SILICUS339" errors="0">
  <testcase name="VerifyFootersLinksDisplayedTest" time="28.547" classname="ContentStack.PageTest.HomepageTest"/>
  <testcase name="VerifyRedircetionOfAllLinksFromHeaderTest" time="67.675" classname="ContentStack.PageTest.HomepageTest"/>
  <testcase name="IsHomepageDisplayed" time="8.290" classname="ContentStack.PageTest.HomepageTest"/>
</testsuite> <!-- ContentStack.PageTest.HomepageTest -->
