<?xml version="1.0" encoding="UTF-8"?>
<!-- Generated by org.testng.reporters.JUnitReportReporter -->
<testsuite name="ContentStack.PageTest.FAQsPageTest" tests="2" time="26.792" ignored="0" failures="0" timestamp="08 Jun 2018 05:10:29 GMT" skipped="0" hostname="SILICUS339" errors="0">
  <testcase name="VerifyFAQsLinkTest" time="11.009" classname="ContentStack.PageTest.FAQsPageTest"/>
  <testcase name="VerifyBrandLogoTest" time="15.783" classname="ContentStack.PageTest.FAQsPageTest"/>
</testsuite> <!-- ContentStack.PageTest.FAQsPageTest -->
