<?xml version="1.0" encoding="UTF-8"?>
<!-- Generated by org.testng.reporters.JUnitReportReporter -->
<testsuite name="ContentStack.PageTest.SignInPageTest" tests="1" time="9.908" ignored="0" failures="0" timestamp="08 Jun 2018 05:10:29 GMT" skipped="0" hostname="SILICUS339" errors="0">
  <testcase name="validationTest" time="9.908" classname="ContentStack.PageTest.SignInPageTest"/>
</testsuite> <!-- ContentStack.PageTest.SignInPageTest -->
