<?xml version="1.0" encoding="UTF-8"?>
<!-- Generated by org.testng.reporters.JUnitReportReporter -->
<testsuite name="ContentStack.PageTest.DocsPageTest" tests="1" time="9.889" ignored="0" failures="0" timestamp="08 Jun 2018 05:10:29 GMT" skipped="0" hostname="SILICUS339" errors="0">
  <testcase name="verifyOverviewLinkTest" time="9.889" classname="ContentStack.PageTest.DocsPageTest"/>
</testsuite> <!-- ContentStack.PageTest.DocsPageTest -->
